<?xml version="1.0" encoding="UTF-8"?>
<!-- Generated by org.testng.reporters.JUnitXMLReporter -->
<testsuite hostname="XTV-BMURUGANK" ignored="3" name="com.suite1" tests="7" failures="1" timestamp="2021-01-08T17:25:10 IST" time="89.641" errors="0">
  <testcase name="Trip" time="7.142" classname="com.suite1.TC_002_Trip"/>
  <testcase name="trip_book" time="27.413" classname="com.suite1.TC_003_TripBook"/>
  <testcase name="Add_Passenger" time="19.3" classname="com.suite1.TC_004_AddPassengerDetails">
    <failure type="org.openqa.selenium.NoSuchElementException" message="no such element: Unable to locate element: {&amp;quot;method&amp;quot;:&amp;quot;xpath&amp;quot;,&amp;quot;selector&amp;quot;:&amp;quot;/html[1]/body[1]/div[1]/div[1]/div[2]/div[1]/div[1]/main[1]/div[8]/div[1]/div[1]/div[2]/div[5]/div[1]/div[1]/div[1]/div[1]/input[1]&amp;quot;}
  (Session info: chrome=87.0.4280.88)
For documentation on this error, please visit: https://www.seleniumhq.org/exceptions/no_such_element.html
Build info: version: &amp;apos;3.141.59&amp;apos;, revision: &amp;apos;e82be7d358&amp;apos;, time: &amp;apos;2018-11-14T08:25:48&amp;apos;
System info: host: &amp;apos;XTV-BMURUGANK&amp;apos;, ip: &amp;apos;192.168.1.7&amp;apos;, os.name: &amp;apos;Windows 8.1&amp;apos;, os.arch: &amp;apos;amd64&amp;apos;, os.version: &amp;apos;6.3&amp;apos;, java.version: &amp;apos;1.8.0_25&amp;apos;
Driver info: org.openqa.selenium.chrome.ChromeDriver
Capabilities {acceptInsecureCerts: false, browserName: chrome, browserVersion: 87.0.4280.88, chrome: {chromedriverVersion: 87.0.4280.88 (89e2380a3e36c..., userDataDir: C:\Users\BALAMU~1\AppData\L...}, goog:chromeOptions: {debuggerAddress: localhost:57664}, javascriptEnabled: true, networkConnectionEnabled: false, pageLoadStrategy: normal, platform: WINDOWS, platformName: WINDOWS, proxy: Proxy(), setWindowRect: true, strictFileInteractability: false, timeouts: {implicit: 0, pageLoad: 300000, script: 30000}, unhandledPromptBehavior: dismiss and notify, webauthn:virtualAuthenticators: true}
Session ID: 92936e706b326dc74ad33adf3552a408
*** Element info: {Using=xpath, value=/html[1]/body[1]/div[1]/div[1]/div[2]/div[1]/div[1]/main[1]/div[8]/div[1]/div[1]/div[2]/div[5]/div[1]/div[1]/div[1]/div[1]/input[1]}">
      <![CDATA[org.openqa.selenium.NoSuchElementException: no such element: Unable to locate element: {"method":"xpath","selector":"/html[1]/body[1]/div[1]/div[1]/div[2]/div[1]/div[1]/main[1]/div[8]/div[1]/div[1]/div[2]/div[5]/div[1]/div[1]/div[1]/div[1]/input[1]"}
  (Session info: chrome=87.0.4280.88)
For documentation on this error, please visit: https://www.seleniumhq.org/exceptions/no_such_element.html
Build info: version: '3.141.59', revision: 'e82be7d358', time: '2018-11-14T08:25:48'
System info: host: 'XTV-BMURUGANK', ip: '192.168.1.7', os.name: 'Windows 8.1', os.arch: 'amd64', os.version: '6.3', java.version: '1.8.0_25'
Driver info: org.openqa.selenium.chrome.ChromeDriver
Capabilities {acceptInsecureCerts: false, browserName: chrome, browserVersion: 87.0.4280.88, chrome: {chromedriverVersion: 87.0.4280.88 (89e2380a3e36c..., userDataDir: C:\Users\BALAMU~1\AppData\L...}, goog:chromeOptions: {debuggerAddress: localhost:57664}, javascriptEnabled: true, networkConnectionEnabled: false, pageLoadStrategy: normal, platform: WINDOWS, platformName: WINDOWS, proxy: Proxy(), setWindowRect: true, strictFileInteractability: false, timeouts: {implicit: 0, pageLoad: 300000, script: 30000}, unhandledPromptBehavior: dismiss and notify, webauthn:virtualAuthenticators: true}
Session ID: 92936e706b326dc74ad33adf3552a408
*** Element info: {Using=xpath, value=/html[1]/body[1]/div[1]/div[1]/div[2]/div[1]/div[1]/main[1]/div[8]/div[1]/div[1]/div[2]/div[5]/div[1]/div[1]/div[1]/div[1]/input[1]}
at org.openqa.selenium.remote.http.W3CHttpResponseCodec.createException(W3CHttpResponseCodec.java:187)
at org.openqa.selenium.remote.http.W3CHttpResponseCodec.decode(W3CHttpResponseCodec.java:122)
at org.openqa.selenium.remote.http.W3CHttpResponseCodec.decode(W3CHttpResponseCodec.java:49)
at org.openqa.selenium.remote.HttpCommandExecutor.execute(HttpCommandExecutor.java:158)
at org.openqa.selenium.remote.service.DriverCommandExecutor.execute(DriverCommandExecutor.java:83)
at org.openqa.selenium.remote.RemoteWebDriver.execute(RemoteWebDriver.java:552)
at org.openqa.selenium.remote.RemoteWebDriver.findElement(RemoteWebDriver.java:323)
at org.openqa.selenium.remote.RemoteWebDriver.findElementByXPath(RemoteWebDriver.java:428)
at org.openqa.selenium.By$ByXPath.findElement(By.java:353)
at org.openqa.selenium.remote.RemoteWebDriver.findElement(RemoteWebDriver.java:315)
at org.openqa.selenium.support.pagefactory.DefaultElementLocator.findElement(DefaultElementLocator.java:69)
at org.openqa.selenium.support.pagefactory.internal.LocatingElementHandler.invoke(LocatingElementHandler.java:38)
at com.sun.proxy.$Proxy10.sendKeys(Unknown Source)
at pageobjects.ClearTripAppln.AddPassengerDetails(ClearTripAppln.java:295)
at com.suite1.TC_004_AddPassengerDetails.Add_Passenger(TC_004_AddPassengerDetails.java:26)
at java.util.ArrayList.forEach(Unknown Source)
at java.util.concurrent.FutureTask.run(Unknown Source)
at java.util.concurrent.ThreadPoolExecutor.runWorker(Unknown Source)
at java.util.concurrent.ThreadPoolExecutor$Worker.run(Unknown Source)
at java.lang.Thread.run(Unknown Source)
... Removed 24 stack frames]]>
    </failure>
  </testcase> <!-- Add_Passenger -->
  <testcase name="TC_001_Login" time="0.017" classname="com.suite1.ExtentReport"/>
  <testcase name="TC_002_Trip" time="0.006" classname="com.suite1.ExtentReport"/>
  <testcase name="TC_003_TripBook" time="0.006" classname="com.suite1.ExtentReport"/>
  <testcase name="TC_004_AddPassengerDetails" time="0.002" classname="com.suite1.ExtentReport">
    <skipped/>
  </testcase> <!-- TC_004_AddPassengerDetails -->
  <testcase name="@BeforeTest Initalization" time="0.0" classname="com.suite1.Init">
    <ignored/>
  </testcase> <!-- @BeforeTest Initalization -->
  <testcase name="@BeforeTest Initalization" time="0.0" classname="com.suite1.Init">
    <ignored/>
  </testcase> <!-- @BeforeTest Initalization -->
  <testcase name="@BeforeTest Initalization" time="0.0" classname="com.suite1.Init">
    <ignored/>
  </testcase> <!-- @BeforeTest Initalization -->
</testsuite> <!-- com.suite1 -->
